[21D8:294C][2023-07-17T07:51:46]i001: Burn v3.10.4.4718, Windows v10.0 (Build 14393: Service Pack 0), path: C:\WINDOWS\Temp\{2452DB32-E2C6-4728-8E82-867EAFD17EFD}\.cr\vcredist_x64.exe
[21D8:294C][2023-07-17T07:51:46]i009: Command Line: '-burn.clean.room=C:\DriverTest\Setup\x64\vcredist_x64.exe -burn.filehandle.attached=480 -burn.filehandle.self=476 /q /log C:\DriverTest\Logs\vcredist_x64.log'
[21D8:294C][2023-07-17T07:51:46]i000: Setting string variable 'WixBundleOriginalSource' to value 'C:\DriverTest\Setup\x64\vcredist_x64.exe'
[21D8:294C][2023-07-17T07:51:46]i000: Setting string variable 'WixBundleOriginalSourceFolder' to value 'C:\DriverTest\Setup\x64\'
[21D8:294C][2023-07-17T07:51:46]i000: Setting string variable 'WixBundleLog' to value 'C:\DriverTest\Logs\vcredist_x64.log'
[21D8:294C][2023-07-17T07:51:46]i000: Setting string variable 'WixBundleName' to value 'Microsoft Visual C++ 2015-2022 Redistributable (x64) - 14.32.31332'
[21D8:294C][2023-07-17T07:51:46]i000: Setting string variable 'WixBundleManufacturer' to value 'Microsoft Corporation'
[21D8:1938][2023-07-17T07:51:47]i000: Setting version variable 'WixBundleFileVersion' to value '14.32.31332.0'
[21D8:294C][2023-07-17T07:51:49]i100: Detect begin, 11 packages
[21D8:294C][2023-07-17T07:51:49]i000: Setting string variable 'Arm64_Check' to value 'AMD64'
[21D8:294C][2023-07-17T07:51:49]i000: Setting version variable 'windows_uCRT_DetectKey' to value '10.0.14393.2097'
[21D8:294C][2023-07-17T07:51:49]i000: Setting numeric variable 'windows_uCRT_DetectKeyExists' to value 1
[21D8:294C][2023-07-17T07:51:49]i102: Detected related bundle: {2d507699-404c-4c8b-a54a-38e352f32cdd}, type: Upgrade, scope: PerMachine, version: 14.32.31326.0, operation: MajorUpgrade
[21D8:294C][2023-07-17T07:51:49]i052: Condition '(VersionNT = v6.3 AND NOT VersionNT64) AND (windows_uCRT_DetectKeyExists AND windows_uCRT_DetectKey >= v10.0.10240.0)' evaluates to false.
[21D8:294C][2023-07-17T07:51:49]i052: Condition '(VersionNT = v6.3 AND VersionNT64) AND (windows_uCRT_DetectKeyExists AND windows_uCRT_DetectKey >= v10.0.10240.0)' evaluates to false.
[21D8:294C][2023-07-17T07:51:49]i052: Condition '(VersionNT = v6.2 AND NOT VersionNT64) AND (windows_uCRT_DetectKeyExists AND windows_uCRT_DetectKey >= v10.0.10240.0)' evaluates to false.
[21D8:294C][2023-07-17T07:51:49]i052: Condition '(VersionNT = v6.2 AND VersionNT64) AND (windows_uCRT_DetectKeyExists AND windows_uCRT_DetectKey >= v10.0.10240.0)' evaluates to false.
[21D8:294C][2023-07-17T07:51:49]i052: Condition '(VersionNT = v6.1 AND NOT VersionNT64) AND (windows_uCRT_DetectKeyExists AND windows_uCRT_DetectKey >= v10.0.10240.0)' evaluates to false.
[21D8:294C][2023-07-17T07:51:49]i052: Condition '(VersionNT = v6.1 AND VersionNT64) AND (windows_uCRT_DetectKeyExists AND windows_uCRT_DetectKey >= v10.0.10240.0)' evaluates to false.
[21D8:294C][2023-07-17T07:51:49]i052: Condition '(VersionNT = v6.0 AND NOT VersionNT64) AND (windows_uCRT_DetectKeyExists AND windows_uCRT_DetectKey >= v10.0.10240.0)' evaluates to false.
[21D8:294C][2023-07-17T07:51:49]i052: Condition '(VersionNT = v6.0 AND VersionNT64) AND (windows_uCRT_DetectKeyExists AND windows_uCRT_DetectKey >= v10.0.10240.0)' evaluates to false.
[21D8:294C][2023-07-17T07:51:49]i103: Detected related package: {C96241EA-9900-4FE8-85B3-1E238D509DF6}, scope: PerMachine, version: 14.32.31326.0, language: 0 operation: MajorUpgrade
[21D8:294C][2023-07-17T07:51:49]i103: Detected related package: {38624EB5-356D-4B08-8357-C33D89A5C0C5}, scope: PerMachine, version: 14.32.31326.0, language: 0 operation: MajorUpgrade
[21D8:294C][2023-07-17T07:51:49]i103: Detected related package: {C96241EA-9900-4FE8-85B3-1E238D509DF6}, scope: PerMachine, version: 14.32.31326.0, language: 0 operation: MajorUpgrade
[21D8:294C][2023-07-17T07:51:49]i103: Detected related package: {38624EB5-356D-4B08-8357-C33D89A5C0C5}, scope: PerMachine, version: 14.32.31326.0, language: 0 operation: MajorUpgrade
[21D8:294C][2023-07-17T07:51:49]i101: Detected package: Windows81_x86, state: Absent, cached: None
[21D8:294C][2023-07-17T07:51:49]i101: Detected package: Windows81_x64, state: Absent, cached: None
[21D8:294C][2023-07-17T07:51:49]i101: Detected package: Windows8_x86, state: Absent, cached: None
[21D8:294C][2023-07-17T07:51:49]i101: Detected package: Windows8_x64, state: Absent, cached: None
[21D8:294C][2023-07-17T07:51:49]i101: Detected package: Windows7_MSU_x86, state: Absent, cached: None
[21D8:294C][2023-07-17T07:51:49]i101: Detected package: Windows7_MSU_x64, state: Absent, cached: None
[21D8:294C][2023-07-17T07:51:49]i101: Detected package: WindowsVista_MSU_x86, state: Absent, cached: None
[21D8:294C][2023-07-17T07:51:49]i101: Detected package: WindowsVista_MSU_x64, state: Absent, cached: None
[21D8:294C][2023-07-17T07:51:49]i101: Detected package: vcRuntimeMinimum_x64, state: Absent, cached: None
[21D8:294C][2023-07-17T07:51:49]i101: Detected package: vcRuntimeAdditional_x64, state: Absent, cached: None
[21D8:294C][2023-07-17T07:51:49]i101: Detected package: vcRuntime_arm64, state: Absent, cached: None
[21D8:294C][2023-07-17T07:51:49]i052: Condition 'VersionNT >= v6.1' evaluates to true.
[21D8:294C][2023-07-17T07:51:49]i199: Detect complete, result: 0x0
[21D8:294C][2023-07-17T07:51:49]i200: Plan begin, 11 packages, action: Install
[21D8:294C][2023-07-17T07:51:49]i052: Condition 'VersionNT = v6.3 AND NOT VersionNT64' evaluates to false.
[21D8:294C][2023-07-17T07:51:49]w321: Skipping dependency registration on package with no dependency providers: Windows81_x86
[21D8:294C][2023-07-17T07:51:49]i052: Condition 'VersionNT = v6.3 AND VersionNT64' evaluates to false.
[21D8:294C][2023-07-17T07:51:49]w321: Skipping dependency registration on package with no dependency providers: Windows81_x64
[21D8:294C][2023-07-17T07:51:49]i052: Condition 'VersionNT = v6.2 AND NOT VersionNT64' evaluates to false.
[21D8:294C][2023-07-17T07:51:49]w321: Skipping dependency registration on package with no dependency providers: Windows8_x86
[21D8:294C][2023-07-17T07:51:49]i052: Condition 'VersionNT = v6.2 AND VersionNT64' evaluates to false.
[21D8:294C][2023-07-17T07:51:49]w321: Skipping dependency registration on package with no dependency providers: Windows8_x64
[21D8:294C][2023-07-17T07:51:49]i052: Condition 'VersionNT = v6.1 AND NOT VersionNT64' evaluates to false.
[21D8:294C][2023-07-17T07:51:49]w321: Skipping dependency registration on package with no dependency providers: Windows7_MSU_x86
[21D8:294C][2023-07-17T07:51:49]i052: Condition 'VersionNT = v6.1 AND VersionNT64' evaluates to false.
[21D8:294C][2023-07-17T07:51:49]w321: Skipping dependency registration on package with no dependency providers: Windows7_MSU_x64
[21D8:294C][2023-07-17T07:51:49]i052: Condition 'VersionNT = v6.0 AND NOT VersionNT64' evaluates to false.
[21D8:294C][2023-07-17T07:51:49]w321: Skipping dependency registration on package with no dependency providers: WindowsVista_MSU_x86
[21D8:294C][2023-07-17T07:51:49]i052: Condition 'VersionNT = v6.0 AND VersionNT64' evaluates to false.
[21D8:294C][2023-07-17T07:51:49]w321: Skipping dependency registration on package with no dependency providers: WindowsVista_MSU_x64
[21D8:294C][2023-07-17T07:51:49]i052: Condition '(VersionNT64) AND NOT (Arm64_Check = "ARM64")' evaluates to true.
[21D8:294C][2023-07-17T07:51:49]i000: Setting string variable 'WixBundleRollbackLog_vcRuntimeMinimum_x64' to value 'C:\DriverTest\Logs\vcredist_x64_000_vcRuntimeMinimum_x64_rollback.log'
[21D8:294C][2023-07-17T07:51:49]i000: Setting string variable 'WixBundleLog_vcRuntimeMinimum_x64' to value 'C:\DriverTest\Logs\vcredist_x64_000_vcRuntimeMinimum_x64.log'
[21D8:294C][2023-07-17T07:51:49]i052: Condition '(VersionNT64) AND NOT (Arm64_Check = "ARM64")' evaluates to true.
[21D8:294C][2023-07-17T07:51:49]i000: Setting string variable 'WixBundleRollbackLog_vcRuntimeAdditional_x64' to value 'C:\DriverTest\Logs\vcredist_x64_001_vcRuntimeAdditional_x64_rollback.log'
[21D8:294C][2023-07-17T07:51:49]i000: Setting string variable 'WixBundleLog_vcRuntimeAdditional_x64' to value 'C:\DriverTest\Logs\vcredist_x64_001_vcRuntimeAdditional_x64.log'
[21D8:294C][2023-07-17T07:51:49]i052: Condition 'Arm64_Check = "ARM64"' evaluates to false.
[21D8:294C][2023-07-17T07:51:49]i201: Planned package: Windows81_x86, state: Absent, default requested: Absent, ba requested: Absent, execute: None, rollback: None, cache: No, uncache: No, dependency: None
[21D8:294C][2023-07-17T07:51:49]i201: Planned package: Windows81_x64, state: Absent, default requested: Absent, ba requested: Absent, execute: None, rollback: None, cache: No, uncache: No, dependency: None
[21D8:294C][2023-07-17T07:51:49]i201: Planned package: Windows8_x86, state: Absent, default requested: Absent, ba requested: Absent, execute: None, rollback: None, cache: No, uncache: No, dependency: None
[21D8:294C][2023-07-17T07:51:49]i201: Planned package: Windows8_x64, state: Absent, default requested: Absent, ba requested: Absent, execute: None, rollback: None, cache: No, uncache: No, dependency: None
[21D8:294C][2023-07-17T07:51:49]i201: Planned package: Windows7_MSU_x86, state: Absent, default requested: Absent, ba requested: Absent, execute: None, rollback: None, cache: No, uncache: No, dependency: None
[21D8:294C][2023-07-17T07:51:49]i201: Planned package: Windows7_MSU_x64, state: Absent, default requested: Absent, ba requested: Absent, execute: None, rollback: None, cache: No, uncache: No, dependency: None
[21D8:294C][2023-07-17T07:51:49]i201: Planned package: WindowsVista_MSU_x86, state: Absent, default requested: Absent, ba requested: Absent, execute: None, rollback: None, cache: No, uncache: No, dependency: None
[21D8:294C][2023-07-17T07:51:49]i201: Planned package: WindowsVista_MSU_x64, state: Absent, default requested: Absent, ba requested: Absent, execute: None, rollback: None, cache: No, uncache: No, dependency: None
[21D8:294C][2023-07-17T07:51:49]i201: Planned package: vcRuntimeMinimum_x64, state: Absent, default requested: Present, ba requested: Present, execute: Install, rollback: Uninstall, cache: Yes, uncache: No, dependency: Register
[21D8:294C][2023-07-17T07:51:49]i201: Planned package: vcRuntimeAdditional_x64, state: Absent, default requested: Present, ba requested: Present, execute: Install, rollback: Uninstall, cache: Yes, uncache: No, dependency: Register
[21D8:294C][2023-07-17T07:51:49]i201: Planned package: vcRuntime_arm64, state: Absent, default requested: Absent, ba requested: Absent, execute: None, rollback: None, cache: No, uncache: No, dependency: None
[21D8:294C][2023-07-17T07:51:49]i207: Planned related bundle: {2d507699-404c-4c8b-a54a-38e352f32cdd}, type: Upgrade, default requested: Absent, ba requested: Absent, execute: Uninstall, rollback: Install, dependency: None
[21D8:294C][2023-07-17T07:51:49]i299: Plan complete, result: 0x0
[21D8:294C][2023-07-17T07:51:49]i300: Apply begin
[21D8:294C][2023-07-17T07:51:49]i010: Launching elevated engine process.
[21D8:294C][2023-07-17T07:51:50]i011: Launched elevated engine process.
[21D8:294C][2023-07-17T07:51:50]i012: Connected to elevated engine.
[2D40:2694][2023-07-17T07:51:50]i358: Pausing automatic updates.
[2D40:2694][2023-07-17T07:51:50]i359: Paused automatic updates.
[2D40:2694][2023-07-17T07:51:50]i360: Creating a system restore point.
[2D40:2694][2023-07-17T07:51:51]i361: Created a system restore point.
[2D40:2694][2023-07-17T07:51:51]i370: Session begin, registration key: SOFTWARE\Microsoft\Windows\CurrentVersion\Uninstall\{3746f21b-c990-4045-bb33-1cf98cff7a68}, options: 0x7, disable resume: No
[2D40:2694][2023-07-17T07:51:52]i000: Caching bundle from: 'C:\WINDOWS\Temp\{69C27C2A-83CC-4525-BB94-D97221ADBAEF}\.be\VC_redist.x64.exe' to: 'C:\ProgramData\Package Cache\{3746f21b-c990-4045-bb33-1cf98cff7a68}\VC_redist.x64.exe'
[2D40:2694][2023-07-17T07:51:52]i320: Registering bundle dependency provider: VC,redist.x64,amd64,14.32,bundle, version: 14.32.31332.0
[2D40:2694][2023-07-17T07:51:52]i371: Updating session, registration key: SOFTWARE\Microsoft\Windows\CurrentVersion\Uninstall\{3746f21b-c990-4045-bb33-1cf98cff7a68}, resume: Active, restart initiated: No, disable resume: No
[2D40:1C4C][2023-07-17T07:51:53]i305: Verified acquired payload: vcRuntimeMinimum_x64 at path: C:\ProgramData\Package Cache\.unverified\vcRuntimeMinimum_x64, moving to: C:\ProgramData\Package Cache\{3407B900-37F5-4CC2-B612-5CD5D580A163}v14.32.31332\packages\vcRuntimeMinimum_amd64\vc_runtimeMinimum_x64.msi.
[2D40:1C4C][2023-07-17T07:51:53]i305: Verified acquired payload: cab5046A8AB272BF37297BB7928664C9503 at path: C:\ProgramData\Package Cache\.unverified\cab5046A8AB272BF37297BB7928664C9503, moving to: C:\ProgramData\Package Cache\{3407B900-37F5-4CC2-B612-5CD5D580A163}v14.32.31332\packages\vcRuntimeMinimum_amd64\cab1.cab.
[2D40:1C4C][2023-07-17T07:51:53]i305: Verified acquired payload: vcRuntimeAdditional_x64 at path: C:\ProgramData\Package Cache\.unverified\vcRuntimeAdditional_x64, moving to: C:\ProgramData\Package Cache\{F4499EE3-A166-496C-81BB-51D1BCDC70A9}v14.32.31332\packages\vcRuntimeAdditional_amd64\vc_runtimeAdditional_x64.msi.
[2D40:1C4C][2023-07-17T07:51:53]i305: Verified acquired payload: cab2C04DDC374BD96EB5C8EB8208F2C7C92 at path: C:\ProgramData\Package Cache\.unverified\cab2C04DDC374BD96EB5C8EB8208F2C7C92, moving to: C:\ProgramData\Package Cache\{F4499EE3-A166-496C-81BB-51D1BCDC70A9}v14.32.31332\packages\vcRuntimeAdditional_amd64\cab1.cab.
[2D40:2694][2023-07-17T07:51:53]i301: Applying execute package: vcRuntimeMinimum_x64, action: Install, path: C:\ProgramData\Package Cache\{3407B900-37F5-4CC2-B612-5CD5D580A163}v14.32.31332\packages\vcRuntimeMinimum_amd64\vc_runtimeMinimum_x64.msi, arguments: ' MSIFASTINSTALL="7" NOVSUI="1"'
[21D8:294C][2023-07-17T07:52:15]i319: Applied execute package: vcRuntimeMinimum_x64, result: 0x0, restart: Required
[2D40:2694][2023-07-17T07:52:15]i325: Registering dependency: {3746f21b-c990-4045-bb33-1cf98cff7a68} on package provider: Microsoft.VS.VC_RuntimeMinimumVSU_amd64,v14, package: vcRuntimeMinimum_x64
[2D40:2694][2023-07-17T07:52:15]i301: Applying execute package: vcRuntimeAdditional_x64, action: Install, path: C:\ProgramData\Package Cache\{F4499EE3-A166-496C-81BB-51D1BCDC70A9}v14.32.31332\packages\vcRuntimeAdditional_amd64\vc_runtimeAdditional_x64.msi, arguments: ' MSIFASTINSTALL="7" NOVSUI="1"'
[21D8:294C][2023-07-17T07:52:23]i319: Applied execute package: vcRuntimeAdditional_x64, result: 0x0, restart: None
[2D40:2694][2023-07-17T07:52:23]i325: Registering dependency: {3746f21b-c990-4045-bb33-1cf98cff7a68} on package provider: Microsoft.VS.VC_RuntimeAdditionalVSU_amd64,v14, package: vcRuntimeAdditional_x64
[2D40:2694][2023-07-17T07:52:24]i301: Applying execute package: {2d507699-404c-4c8b-a54a-38e352f32cdd}, action: Uninstall, path: C:\ProgramData\Package Cache\{2d507699-404c-4c8b-a54a-38e352f32cdd}\VC_redist.x64.exe, arguments: '"C:\ProgramData\Package Cache\{2d507699-404c-4c8b-a54a-38e352f32cdd}\VC_redist.x64.exe" -uninstall -quiet -burn.related.upgrade -burn.ancestors={3746f21b-c990-4045-bb33-1cf98cff7a68} -burn.filehandle.self=796'
[21D8:294C][2023-07-17T07:52:28]i319: Applied execute package: {2d507699-404c-4c8b-a54a-38e352f32cdd}, result: 0x0, restart: None
[2D40:2694][2023-07-17T07:52:28]i372: Session end, registration key: SOFTWARE\Microsoft\Windows\CurrentVersion\Uninstall\{3746f21b-c990-4045-bb33-1cf98cff7a68}, resume: ARP, restart: Required, disable resume: No
[2D40:2694][2023-07-17T07:52:28]i371: Updating session, registration key: SOFTWARE\Microsoft\Windows\CurrentVersion\Uninstall\{3746f21b-c990-4045-bb33-1cf98cff7a68}, resume: ARP, restart initiated: No, disable resume: No
[21D8:294C][2023-07-17T07:52:28]i399: Apply complete, result: 0x0, restart: Required, ba requested restart:  No
[21D8:294C][2023-07-17T07:52:28]i500: Shutting down, exit code: 0xbc2
[21D8:294C][2023-07-17T07:52:28]i004: Bootstrapper application requested restart at shutdown. Planned to restart already: No.
[21D8:294C][2023-07-17T07:52:28]i410: Variable: Arm64_Check = AMD64
[21D8:294C][2023-07-17T07:52:28]i410: Variable: SystemFolder = C:\WINDOWS\system32\
[21D8:294C][2023-07-17T07:52:28]i410: Variable: VersionNT = 10.0.0.0
[21D8:294C][2023-07-17T07:52:28]i410: Variable: VersionNT64 = 10.0.0.0
[21D8:294C][2023-07-17T07:52:28]i410: Variable: windows_uCRT_DetectKey = 10.0.14393.2097
[21D8:294C][2023-07-17T07:52:28]i410: Variable: windows_uCRT_DetectKeyExists = 1
[21D8:294C][2023-07-17T07:52:28]i410: Variable: WixBundleAction = 5
[21D8:294C][2023-07-17T07:52:28]i410: Variable: WixBundleElevated = 1
[21D8:294C][2023-07-17T07:52:28]i410: Variable: WixBundleFileVersion = 14.32.31332.0
[21D8:294C][2023-07-17T07:52:28]i410: Variable: WixBundleInstalled = 0
[21D8:294C][2023-07-17T07:52:28]i410: Variable: WixBundleLog = C:\DriverTest\Logs\vcredist_x64.log
[21D8:294C][2023-07-17T07:52:28]i410: Variable: WixBundleLog_vcRuntimeAdditional_x64 = C:\DriverTest\Logs\vcredist_x64_001_vcRuntimeAdditional_x64.log
[21D8:294C][2023-07-17T07:52:28]i410: Variable: WixBundleLog_vcRuntimeMinimum_x64 = C:\DriverTest\Logs\vcredist_x64_000_vcRuntimeMinimum_x64.log
[21D8:294C][2023-07-17T07:52:28]i410: Variable: WixBundleManufacturer = Microsoft Corporation
[21D8:294C][2023-07-17T07:52:28]i410: Variable: WixBundleName = Microsoft Visual C++ 2015-2022 Redistributable (x64) - 14.32.31332
[21D8:294C][2023-07-17T07:52:28]i410: Variable: WixBundleOriginalSource = C:\DriverTest\Setup\x64\vcredist_x64.exe
[21D8:294C][2023-07-17T07:52:28]i410: Variable: WixBundleOriginalSourceFolder = C:\DriverTest\Setup\x64\
[21D8:294C][2023-07-17T07:52:28]i410: Variable: WixBundleProviderKey = VC,redist.x64,amd64,14.32,bundle
[21D8:294C][2023-07-17T07:52:28]i410: Variable: WixBundleRollbackLog_vcRuntimeAdditional_x64 = C:\DriverTest\Logs\vcredist_x64_001_vcRuntimeAdditional_x64_rollback.log
[21D8:294C][2023-07-17T07:52:28]i410: Variable: WixBundleRollbackLog_vcRuntimeMinimum_x64 = C:\DriverTest\Logs\vcredist_x64_000_vcRuntimeMinimum_x64_rollback.log
[21D8:294C][2023-07-17T07:52:28]i410: Variable: WixBundleSourceProcessFolder = C:\DriverTest\Setup\x64\
[21D8:294C][2023-07-17T07:52:28]i410: Variable: WixBundleSourceProcessPath = C:\DriverTest\Setup\x64\vcredist_x64.exe
[21D8:294C][2023-07-17T07:52:28]i410: Variable: WixBundleTag = 
[21D8:294C][2023-07-17T07:52:28]i410: Variable: WixBundleVersion = 14.32.31332.0
[21D8:294C][2023-07-17T07:52:28]i007: Exit code: 0xbc2, restarting: Yes
[21D8:294C][2023-07-17T07:52:28]w005: Restarting computer...
=======================================
